00000000 2019-04-17 09:55:56  3151  3151 list disks: Creating PIPE program process : 'lsblk -o TYPE,MAJ:MIN --pairs' - hasinput=0, hasoutput=1 stderrbufsize=0
00000001 2019-04-17 09:55:56  3151  3151 list disks: Pipe: process 3153 complete 0
00000002 2019-04-17 09:55:56  3151  3151 Loading plugin /opt/HPCCSystems/plugins/libtimelib.so[lib_timelib] version = TIMELIB 1.0.0
00000003 2019-04-17 09:55:56  3151  3151 Loading plugin /opt/HPCCSystems/plugins/libfileservices.so[lib_fileservices] version = FILESERVICES 2.1.4
00000004 2019-04-17 09:55:56  3151  3151 Loading plugin /opt/HPCCSystems/plugins/libauditlib.so[lib_auditlib] version = AUDITLIB 1.0.1
00000005 2019-04-17 09:55:56  3151  3151 Loading plugin /opt/HPCCSystems/plugins/libdebugservices.so[lib_debugservices] version = DEBUGSERVICES 1.0.1
00000006 2019-04-17 09:55:56  3151  3151 Loading plugin /opt/HPCCSystems/plugins/libstringlib.so[lib_stringlib] version = STRINGLIB 1.1.14
00000007 2019-04-17 09:55:56  3151  3151 Loading plugin /opt/HPCCSystems/plugins/liblogging.so[lib_logging] version = LOGGING 1.0.1
00000008 2019-04-17 09:55:56  3151  3151 Loading plugin /opt/HPCCSystems/plugins/libunicodelib.so[lib_unicodelib] version = UNICODELIB 1.1.06
00000009 2019-04-17 09:55:56  3151  3151 Loading plugin /opt/HPCCSystems/plugins/libparselib.so[lib_parselib] version = PARSELIB 1.0.1
0000000A 2019-04-17 09:55:56  3151  3151 Loading plugin /opt/HPCCSystems/plugins/libworkunitservices.so[lib_WORKUNITSERVICES] version = WORKUNITSERVICES 1.0.2
0000000B 2019-04-17 09:55:56  3151  3151 Plugin /opt/HPCCSystems/plugins/libcassandraembed.so exports getECLPluginDefinition but does not export ECL - not loading
0000000C 2019-04-17 09:55:56  3151  3151 Plugin /opt/HPCCSystems/plugins/libdmetaphone.so exports getECLPluginDefinition but does not export ECL - not loading
0000000D 2019-04-17 09:55:56  3151  3151 Plugin /opt/HPCCSystems/versioned/python2/libpy2embed.so exports getECLPluginDefinition but does not export ECL - not loading
0000000E 2019-04-17 09:55:56  3151  3151 Plugin /opt/HPCCSystems/versioned/python2/libpyembed.so exports getECLPluginDefinition but does not export ECL - not loading
0000000F 2019-04-17 09:55:56  3151  3151 Adding library: eclrtl
00000010 2019-04-17 09:55:56  3151  3151 Adding source file: a.out.res.s
00000011 2019-04-17 09:55:56  3151  3151 addSourceFile a.out.cpp
00000012 2019-04-17 09:55:56  3151  3151 addSourceFile a.out_1.cpp
00000013 2019-04-17 09:55:56  3151  3151 addSourceFile a.out.res.s
00000014 2019-04-17 09:55:56  3151  3151 Compiling a.out
00000015 2019-04-17 09:55:57  3151  3151 Remove temporaries
00000016 2019-04-17 09:55:57  3151  3151 Remove a.out.res.s*
00000017 2019-04-17 09:55:57  3151  3151 Compiled a.out
00000018 2019-04-17 09:55:57  3151  3151 Could not remove file 'a.out.res.s'
